-- Install configuration: ""
-- Up-to-date: /home/user/cansat/install/cansat_sim/share/cansat_sim/launch
-- Up-to-date: /home/user/cansat/install/cansat_sim/share/cansat_sim/launch/simulator.launch.py
-- Up-to-date: /home/user/cansat/install/cansat_sim/share/cansat_sim/launch/__pycache__
-- Up-to-date: /home/user/cansat/install/cansat_sim/share/cansat_sim/launch/__pycache__/simulator.launch.cpython-310.pyc
-- Up-to-date: /home/user/cansat/install/cansat_sim/share/cansat_sim/models
-- Up-to-date: /home/user/cansat/install/cansat_sim/share/cansat_sim/models/cansat
-- Up-to-date: /home/user/cansat/install/cansat_sim/share/cansat_sim/models/cansat/model.config
-- Up-to-date: /home/user/cansat/install/cansat_sim/share/cansat_sim/models/cansat/model.sdf
-- Up-to-date: /home/user/cansat/install/cansat_sim/share/cansat_sim/worlds
-- Up-to-date: /home/user/cansat/install/cansat_sim/share/cansat_sim/worlds/cansat_world.sdf
-- Up-to-date: /home/user/cansat/install/cansat_sim/share/cansat_sim/scripts
-- Installing: /home/user/cansat/install/cansat_sim/share/cansat_sim/scripts/controller_node.py
-- Installing: /home/user/cansat/install/cansat_sim/lib/cansat_sim/controller_node.py
-- Installing: /home/user/cansat/install/cansat_sim/share/ament_index/resource_index/package_run_dependencies/cansat_sim
-- Installing: /home/user/cansat/install/cansat_sim/share/ament_index/resource_index/parent_prefix_path/cansat_sim
-- Installing: /home/user/cansat/install/cansat_sim/share/cansat_sim/environment/ament_prefix_path.sh
-- Installing: /home/user/cansat/install/cansat_sim/share/cansat_sim/environment/ament_prefix_path.dsv
-- Installing: /home/user/cansat/install/cansat_sim/share/cansat_sim/environment/path.sh
-- Installing: /home/user/cansat/install/cansat_sim/share/cansat_sim/environment/path.dsv
-- Installing: /home/user/cansat/install/cansat_sim/share/cansat_sim/local_setup.bash
-- Installing: /home/user/cansat/install/cansat_sim/share/cansat_sim/local_setup.sh
-- Installing: /home/user/cansat/install/cansat_sim/share/cansat_sim/local_setup.zsh
-- Installing: /home/user/cansat/install/cansat_sim/share/cansat_sim/local_setup.dsv
-- Installing: /home/user/cansat/install/cansat_sim/share/cansat_sim/package.dsv
-- Installing: /home/user/cansat/install/cansat_sim/share/ament_index/resource_index/packages/cansat_sim
-- Installing: /home/user/cansat/install/cansat_sim/share/cansat_sim/cmake/cansat_simConfig.cmake
-- Installing: /home/user/cansat/install/cansat_sim/share/cansat_sim/cmake/cansat_simConfig-version.cmake
-- Installing: /home/user/cansat/install/cansat_sim/share/cansat_sim/package.xml
