[0.011s] Invoking command in '/home/user/cansat/build/cansat_sim': CMAKE_PREFIX_PATH=/home/user/sim_ws/install/gazebo_pkg:/home/user/sim_ws/install/f1tenth_gym_ros:/opt/ros/humble /usr/bin/cmake --build /home/user/cansat/build/cansat_sim -- -j12 -l12
[0.033s] Invoked command in '/home/user/cansat/build/cansat_sim' returned '0': CMAKE_PREFIX_PATH=/home/user/sim_ws/install/gazebo_pkg:/home/user/sim_ws/install/f1tenth_gym_ros:/opt/ros/humble /usr/bin/cmake --build /home/user/cansat/build/cansat_sim -- -j12 -l12
[0.039s] Invoking command in '/home/user/cansat/build/cansat_sim': CMAKE_PREFIX_PATH=/home/user/sim_ws/install/gazebo_pkg:/home/user/sim_ws/install/f1tenth_gym_ros:/opt/ros/humble /usr/bin/cmake --install /home/user/cansat/build/cansat_sim
[0.043s] -- Install configuration: ""
[0.044s] -- Up-to-date: /home/user/cansat/install/cansat_sim/share/cansat_sim/launch
[0.044s] -- Up-to-date: /home/user/cansat/install/cansat_sim/share/cansat_sim/launch/simulator.launch.py
[0.044s] -- Up-to-date: /home/user/cansat/install/cansat_sim/share/cansat_sim/launch/__pycache__
[0.044s] -- Up-to-date: /home/user/cansat/install/cansat_sim/share/cansat_sim/launch/__pycache__/simulator.launch.cpython-310.pyc
[0.044s] -- Up-to-date: /home/user/cansat/install/cansat_sim/share/cansat_sim/models
[0.044s] -- Up-to-date: /home/user/cansat/install/cansat_sim/share/cansat_sim/models/cansat
[0.045s] -- Up-to-date: /home/user/cansat/install/cansat_sim/share/cansat_sim/models/cansat/model.config
[0.045s] -- Up-to-date: /home/user/cansat/install/cansat_sim/share/cansat_sim/models/cansat/model.sdf
[0.045s] -- Up-to-date: /home/user/cansat/install/cansat_sim/share/cansat_sim/worlds
[0.045s] -- Up-to-date: /home/user/cansat/install/cansat_sim/share/cansat_sim/worlds/cansat_world.sdf
[0.045s] -- Up-to-date: /home/user/cansat/install/cansat_sim/share/cansat_sim/scripts
[0.045s] -- Installing: /home/user/cansat/install/cansat_sim/share/cansat_sim/scripts/controller_node.py
[0.045s] -- Installing: /home/user/cansat/install/cansat_sim/lib/cansat_sim/controller_node.py
[0.046s] -- Installing: /home/user/cansat/install/cansat_sim/share/ament_index/resource_index/package_run_dependencies/cansat_sim
[0.046s] -- Installing: /home/user/cansat/install/cansat_sim/share/ament_index/resource_index/parent_prefix_path/cansat_sim
[0.046s] -- Installing: /home/user/cansat/install/cansat_sim/share/cansat_sim/environment/ament_prefix_path.sh
[0.046s] -- Installing: /home/user/cansat/install/cansat_sim/share/cansat_sim/environment/ament_prefix_path.dsv
[0.046s] -- Installing: /home/user/cansat/install/cansat_sim/share/cansat_sim/environment/path.sh
[0.046s] -- Installing: /home/user/cansat/install/cansat_sim/share/cansat_sim/environment/path.dsv
[0.046s] -- Installing: /home/user/cansat/install/cansat_sim/share/cansat_sim/local_setup.bash
[0.046s] -- Installing: /home/user/cansat/install/cansat_sim/share/cansat_sim/local_setup.sh
[0.047s] -- Installing: /home/user/cansat/install/cansat_sim/share/cansat_sim/local_setup.zsh
[0.047s] -- Installing: /home/user/cansat/install/cansat_sim/share/cansat_sim/local_setup.dsv
[0.047s] -- Installing: /home/user/cansat/install/cansat_sim/share/cansat_sim/package.dsv
[0.047s] -- Installing: /home/user/cansat/install/cansat_sim/share/ament_index/resource_index/packages/cansat_sim
[0.047s] -- Installing: /home/user/cansat/install/cansat_sim/share/cansat_sim/cmake/cansat_simConfig.cmake
[0.047s] -- Installing: /home/user/cansat/install/cansat_sim/share/cansat_sim/cmake/cansat_simConfig-version.cmake
[0.047s] -- Installing: /home/user/cansat/install/cansat_sim/share/cansat_sim/package.xml
[0.048s] Invoked command in '/home/user/cansat/build/cansat_sim' returned '0': CMAKE_PREFIX_PATH=/home/user/sim_ws/install/gazebo_pkg:/home/user/sim_ws/install/f1tenth_gym_ros:/opt/ros/humble /usr/bin/cmake --install /home/user/cansat/build/cansat_sim
