[0.013s] Invoking command in '/home/user/cansat/build/cansat_sim': CMAKE_PREFIX_PATH=/home/user/sim_ws/install/gazebo_pkg:/home/user/sim_ws/install/f1tenth_gym_ros:/opt/ros/humble /usr/bin/cmake --build /home/user/cansat/build/cansat_sim -- -j12 -l12
[0.034s] Invoked command in '/home/user/cansat/build/cansat_sim' returned '0': CMAKE_PREFIX_PATH=/home/user/sim_ws/install/gazebo_pkg:/home/user/sim_ws/install/f1tenth_gym_ros:/opt/ros/humble /usr/bin/cmake --build /home/user/cansat/build/cansat_sim -- -j12 -l12
[0.040s] Invoking command in '/home/user/cansat/build/cansat_sim': CMAKE_PREFIX_PATH=/home/user/sim_ws/install/gazebo_pkg:/home/user/sim_ws/install/f1tenth_gym_ros:/opt/ros/humble /usr/bin/cmake --install /home/user/cansat/build/cansat_sim
[0.045s] -- Install configuration: ""
[0.045s] -- Up-to-date: /home/user/cansat/install/cansat_sim/share/cansat_sim/launch
[0.045s] -- Up-to-date: /home/user/cansat/install/cansat_sim/share/cansat_sim/launch/simulator.launch.py
[0.045s] -- Up-to-date: /home/user/cansat/install/cansat_sim/share/cansat_sim/launch/__pycache__
[0.045s] -- Up-to-date: /home/user/cansat/install/cansat_sim/share/cansat_sim/launch/__pycache__/simulator.launch.cpython-310.pyc
[0.045s] -- Up-to-date: /home/user/cansat/install/cansat_sim/share/cansat_sim/models
[0.045s] -- Up-to-date: /home/user/cansat/install/cansat_sim/share/cansat_sim/models/cansat
[0.046s] -- Up-to-date: /home/user/cansat/install/cansat_sim/share/cansat_sim/models/cansat/model.config
[0.046s] -- Up-to-date: /home/user/cansat/install/cansat_sim/share/cansat_sim/models/cansat/model.sdf
[0.046s] -- Installing: /home/user/cansat/install/cansat_sim/share/cansat_sim/worlds
[0.046s] -- Installing: /home/user/cansat/install/cansat_sim/share/cansat_sim/worlds/cansat_world.sdf
[0.046s] -- Installing: /home/user/cansat/install/cansat_sim/share/cansat_sim/scripts
[0.046s] -- Installing: /home/user/cansat/install/cansat_sim/share/cansat_sim/scripts/controller.node.py
[0.046s] [31mCMake Error at cmake_install.cmake:55 (file):
[0.047s]   file INSTALL cannot find "/home/user/cansat/scripts/controller_node.py": No
[0.047s]   such file or directory.
[0.047s] 
[0.047s] [0m
[0.048s] Invoked command in '/home/user/cansat/build/cansat_sim' returned '1': CMAKE_PREFIX_PATH=/home/user/sim_ws/install/gazebo_pkg:/home/user/sim_ws/install/f1tenth_gym_ros:/opt/ros/humble /usr/bin/cmake --install /home/user/cansat/build/cansat_sim
