[0.294s] DEBUG:colcon:Command line arguments: ['/usr/bin/colcon', 'build']
[0.294s] DEBUG:colcon:Parsed command line arguments: Namespace(log_base=None, log_level=None, verb_name='build', build_base='build', install_base='install', merge_install=False, symlink_install=False, test_result_base=None, continue_on_error=False, executor='parallel', parallel_workers=12, event_handlers=None, ignore_user_meta=False, metas=['./colcon.meta'], base_paths=['.'], packages_ignore=None, packages_ignore_regex=None, paths=None, packages_up_to=None, packages_up_to_regex=None, packages_above=None, packages_above_and_dependencies=None, packages_above_depth=None, packages_select_by_dep=None, packages_skip_by_dep=None, packages_skip_up_to=None, packages_select_build_failed=False, packages_skip_build_finished=False, packages_select_test_failures=False, packages_skip_test_passed=False, packages_select=None, packages_skip=None, packages_select_regex=None, packages_skip_regex=None, packages_start=None, packages_end=None, allow_overriding=[], cmake_args=None, cmake_target=None, cmake_target_skip_unavailable=False, cmake_clean_cache=False, cmake_clean_first=False, cmake_force_configure=False, ament_cmake_args=None, catkin_cmake_args=None, catkin_skip_building_tests=False, verb_parser=<colcon_defaults.argument_parser.defaults.DefaultArgumentsDecorator object at 0x7f183f0115d0>, verb_extension=<colcon_core.verb.build.BuildVerb object at 0x7f183f10abc0>, main=<bound method BuildVerb.main of <colcon_core.verb.build.BuildVerb object at 0x7f183f10abc0>>)
[0.572s] Level 1:colcon.colcon_core.package_discovery:discover_packages(colcon_meta) check parameters
[0.572s] Level 1:colcon.colcon_core.package_discovery:discover_packages(recursive) check parameters
[0.572s] Level 1:colcon.colcon_core.package_discovery:discover_packages(ignore) check parameters
[0.572s] Level 1:colcon.colcon_core.package_discovery:discover_packages(path) check parameters
[0.572s] Level 1:colcon.colcon_core.package_discovery:discover_packages(colcon_meta) discover
[0.572s] Level 1:colcon.colcon_core.package_discovery:discover_packages(recursive) discover
[0.572s] INFO:colcon.colcon_core.package_discovery:Crawling recursively for packages in '/home/user/cansat'
[0.573s] Level 1:colcon.colcon_core.package_identification:_identify(.) by extensions ['ignore', 'ignore_ament_install']
[0.573s] Level 1:colcon.colcon_core.package_identification:_identify(.) by extension 'ignore'
[0.573s] Level 1:colcon.colcon_core.package_identification:_identify(.) by extension 'ignore_ament_install'
[0.573s] Level 1:colcon.colcon_core.package_identification:_identify(.) by extensions ['colcon_pkg']
[0.573s] Level 1:colcon.colcon_core.package_identification:_identify(.) by extension 'colcon_pkg'
[0.573s] Level 1:colcon.colcon_core.package_identification:_identify(.) by extensions ['colcon_meta']
[0.573s] Level 1:colcon.colcon_core.package_identification:_identify(.) by extension 'colcon_meta'
[0.573s] Level 1:colcon.colcon_core.package_identification:_identify(.) by extensions ['ros']
[0.573s] Level 1:colcon.colcon_core.package_identification:_identify(.) by extension 'ros'
[0.591s] DEBUG:colcon.colcon_core.package_identification:Package '.' with type 'ros.ament_cmake' and name 'parafoil_cansat_sim'
[0.591s] Level 1:colcon.colcon_core.package_discovery:discover_packages(recursive) using defaults
[0.591s] Level 1:colcon.colcon_core.package_discovery:discover_packages(ignore) discover
[0.591s] Level 1:colcon.colcon_core.package_discovery:discover_packages(ignore) using defaults
[0.591s] Level 1:colcon.colcon_core.package_discovery:discover_packages(path) discover
[0.591s] Level 1:colcon.colcon_core.package_discovery:discover_packages(path) using defaults
[0.622s] Level 1:colcon.colcon_core.package_discovery:discover_packages(prefix_path) check parameters
[0.622s] Level 1:colcon.colcon_core.package_discovery:discover_packages(prefix_path) discover
[0.626s] DEBUG:colcon.colcon_installed_package_information.package_discovery:Found 2 installed packages in /home/user/sim_ws/install
[0.627s] DEBUG:colcon.colcon_installed_package_information.package_discovery:Found 383 installed packages in /opt/ros/humble
[0.629s] Level 1:colcon.colcon_core.package_discovery:discover_packages(prefix_path) using defaults
[0.666s] Level 5:colcon.colcon_core.verb:set package 'parafoil_cansat_sim' build argument 'cmake_args' from command line to 'None'
[0.666s] Level 5:colcon.colcon_core.verb:set package 'parafoil_cansat_sim' build argument 'cmake_target' from command line to 'None'
[0.666s] Level 5:colcon.colcon_core.verb:set package 'parafoil_cansat_sim' build argument 'cmake_target_skip_unavailable' from command line to 'False'
[0.666s] Level 5:colcon.colcon_core.verb:set package 'parafoil_cansat_sim' build argument 'cmake_clean_cache' from command line to 'False'
[0.666s] Level 5:colcon.colcon_core.verb:set package 'parafoil_cansat_sim' build argument 'cmake_clean_first' from command line to 'False'
[0.666s] Level 5:colcon.colcon_core.verb:set package 'parafoil_cansat_sim' build argument 'cmake_force_configure' from command line to 'False'
[0.666s] Level 5:colcon.colcon_core.verb:set package 'parafoil_cansat_sim' build argument 'ament_cmake_args' from command line to 'None'
[0.666s] Level 5:colcon.colcon_core.verb:set package 'parafoil_cansat_sim' build argument 'catkin_cmake_args' from command line to 'None'
[0.666s] Level 5:colcon.colcon_core.verb:set package 'parafoil_cansat_sim' build argument 'catkin_skip_building_tests' from command line to 'False'
[0.666s] DEBUG:colcon.colcon_core.verb:Building package 'parafoil_cansat_sim' with the following arguments: {'ament_cmake_args': None, 'build_base': '/home/user/cansat/build/parafoil_cansat_sim', 'catkin_cmake_args': None, 'catkin_skip_building_tests': False, 'cmake_args': None, 'cmake_clean_cache': False, 'cmake_clean_first': False, 'cmake_force_configure': False, 'cmake_target': None, 'cmake_target_skip_unavailable': False, 'install_base': '/home/user/cansat/install/parafoil_cansat_sim', 'merge_install': False, 'path': '/home/user/cansat', 'symlink_install': False, 'test_result_base': None}
[0.666s] INFO:colcon.colcon_core.executor:Executing jobs using 'parallel' executor
[0.667s] DEBUG:colcon.colcon_parallel_executor.executor.parallel:run_until_complete
[0.667s] INFO:colcon.colcon_ros.task.ament_cmake.build:Building ROS package in '/home/user/cansat' with build type 'ament_cmake'
[0.667s] INFO:colcon.colcon_cmake.task.cmake.build:Building CMake package in '/home/user/cansat'
[0.675s] INFO:colcon.colcon_core.plugin_system:Skipping extension 'colcon_core.shell.bat': Not used on non-Windows systems
[0.675s] INFO:colcon.colcon_core.shell:Skip shell extension 'powershell' for command environment: Not usable outside of PowerShell
[0.675s] DEBUG:colcon.colcon_core.shell:Skip shell extension 'dsv' for command environment
[0.684s] DEBUG:colcon.colcon_core.event_handler.log_command:Invoking command in '/home/user/cansat/build/parafoil_cansat_sim': CMAKE_PREFIX_PATH=/home/user/sim_ws/install/gazebo_pkg:/home/user/sim_ws/install/f1tenth_gym_ros:/opt/ros/humble /usr/bin/cmake /home/user/cansat -DCMAKE_INSTALL_PREFIX=/home/user/cansat/install/parafoil_cansat_sim
[3.246s] DEBUG:colcon.colcon_core.event_handler.log_command:Invoked command in '/home/user/cansat/build/parafoil_cansat_sim' returned '0': CMAKE_PREFIX_PATH=/home/user/sim_ws/install/gazebo_pkg:/home/user/sim_ws/install/f1tenth_gym_ros:/opt/ros/humble /usr/bin/cmake /home/user/cansat -DCMAKE_INSTALL_PREFIX=/home/user/cansat/install/parafoil_cansat_sim
[3.248s] DEBUG:colcon.colcon_core.event_handler.log_command:Invoking command in '/home/user/cansat/build/parafoil_cansat_sim': CMAKE_PREFIX_PATH=/home/user/sim_ws/install/gazebo_pkg:/home/user/sim_ws/install/f1tenth_gym_ros:/opt/ros/humble /usr/bin/cmake --build /home/user/cansat/build/parafoil_cansat_sim -- -j12 -l12
[3.274s] DEBUG:colcon.colcon_core.event_handler.log_command:Invoked command in '/home/user/cansat/build/parafoil_cansat_sim' returned '0': CMAKE_PREFIX_PATH=/home/user/sim_ws/install/gazebo_pkg:/home/user/sim_ws/install/f1tenth_gym_ros:/opt/ros/humble /usr/bin/cmake --build /home/user/cansat/build/parafoil_cansat_sim -- -j12 -l12
[3.281s] DEBUG:colcon.colcon_core.event_handler.log_command:Invoking command in '/home/user/cansat/build/parafoil_cansat_sim': CMAKE_PREFIX_PATH=/home/user/sim_ws/install/gazebo_pkg:/home/user/sim_ws/install/f1tenth_gym_ros:/opt/ros/humble /usr/bin/cmake --install /home/user/cansat/build/parafoil_cansat_sim
[3.288s] DEBUG:colcon.colcon_core.event_handler.log_command:Invoked command in '/home/user/cansat/build/parafoil_cansat_sim' returned '1': CMAKE_PREFIX_PATH=/home/user/sim_ws/install/gazebo_pkg:/home/user/sim_ws/install/f1tenth_gym_ros:/opt/ros/humble /usr/bin/cmake --install /home/user/cansat/build/parafoil_cansat_sim
[3.288s] Level 1:colcon.colcon_core.environment:create_environment_scripts_only(parafoil_cansat_sim)
[3.295s] Level 1:colcon.colcon_core.environment:checking '/home/user/cansat/install/parafoil_cansat_sim' for CMake module files
[3.295s] Level 1:colcon.colcon_core.environment:checking '/home/user/cansat/install/parafoil_cansat_sim' for CMake config files
[3.296s] Level 1:colcon.colcon_core.environment:checking '/home/user/cansat/install/parafoil_cansat_sim/bin'
[3.296s] Level 1:colcon.colcon_core.environment:checking '/home/user/cansat/install/parafoil_cansat_sim/lib/pkgconfig/parafoil_cansat_sim.pc'
[3.296s] Level 1:colcon.colcon_core.environment:checking '/home/user/cansat/install/parafoil_cansat_sim/lib/python3.10/site-packages'
[3.296s] Level 1:colcon.colcon_core.environment:checking '/home/user/cansat/install/parafoil_cansat_sim/bin'
[3.296s] INFO:colcon.colcon_core.shell:Creating package script '/home/user/cansat/install/parafoil_cansat_sim/share/parafoil_cansat_sim/package.ps1'
[3.297s] INFO:colcon.colcon_core.shell:Creating package descriptor '/home/user/cansat/install/parafoil_cansat_sim/share/parafoil_cansat_sim/package.dsv'
[3.298s] INFO:colcon.colcon_core.shell:Creating package script '/home/user/cansat/install/parafoil_cansat_sim/share/parafoil_cansat_sim/package.sh'
[3.299s] INFO:colcon.colcon_core.shell:Creating package script '/home/user/cansat/install/parafoil_cansat_sim/share/parafoil_cansat_sim/package.bash'
[3.300s] INFO:colcon.colcon_core.shell:Creating package script '/home/user/cansat/install/parafoil_cansat_sim/share/parafoil_cansat_sim/package.zsh'
[3.301s] Level 1:colcon.colcon_core.environment:create_file_with_runtime_dependencies(/home/user/cansat/install/parafoil_cansat_sim/share/colcon-core/packages/parafoil_cansat_sim)
[3.311s] DEBUG:colcon.colcon_parallel_executor.executor.parallel:closing loop
[3.311s] DEBUG:colcon.colcon_parallel_executor.executor.parallel:loop closed
[3.311s] DEBUG:colcon.colcon_parallel_executor.executor.parallel:run_until_complete finished with '1'
[3.311s] DEBUG:colcon.colcon_core.event_reactor:joining thread
[3.390s] INFO:colcon.colcon_core.plugin_system:Skipping extension 'colcon_notification.desktop_notification.notify_send': Could not find 'notify-send'
[3.390s] INFO:colcon.colcon_core.plugin_system:Skipping extension 'colcon_notification.desktop_notification.terminal_notifier': Not used on non-Darwin systems
[3.390s] INFO:colcon.colcon_core.plugin_system:Skipping extension 'colcon_notification.desktop_notification.win32': Not used on non-Windows systems
[3.390s] INFO:colcon.colcon_notification.desktop_notification:Sending desktop notification using 'notify2'
[3.394s] DEBUG:colcon.colcon_notification.desktop_notification.notify2:Failed to initialize notify2: org.freedesktop.DBus.Error.ServiceUnknown: The name org.freedesktop.Notifications was not provided by any .service files
[3.395s] DEBUG:colcon.colcon_core.event_reactor:joined thread
[3.395s] INFO:colcon.colcon_core.shell:Creating prefix script '/home/user/cansat/install/local_setup.ps1'
[3.399s] INFO:colcon.colcon_core.shell:Creating prefix util module '/home/user/cansat/install/_local_setup_util_ps1.py'
[3.401s] INFO:colcon.colcon_core.shell:Creating prefix chain script '/home/user/cansat/install/setup.ps1'
[3.402s] INFO:colcon.colcon_core.shell:Creating prefix script '/home/user/cansat/install/local_setup.sh'
[3.402s] INFO:colcon.colcon_core.shell:Creating prefix util module '/home/user/cansat/install/_local_setup_util_sh.py'
[3.403s] INFO:colcon.colcon_core.shell:Creating prefix chain script '/home/user/cansat/install/setup.sh'
[3.404s] INFO:colcon.colcon_core.shell:Creating prefix script '/home/user/cansat/install/local_setup.bash'
[3.404s] INFO:colcon.colcon_core.shell:Creating prefix chain script '/home/user/cansat/install/setup.bash'
[3.405s] INFO:colcon.colcon_core.shell:Creating prefix script '/home/user/cansat/install/local_setup.zsh'
[3.406s] INFO:colcon.colcon_core.shell:Creating prefix chain script '/home/user/cansat/install/setup.zsh'
